
*** Running vivado
    with args -log ip_counter_24.vds -m64 -product Vivado -mode batch -messageDb vivado.pb -notrace -source ip_counter_24.tcl


****** Vivado v2018.2 (64-bit)
  **** SW Build 2258646 on Thu Jun 14 20:02:38 MDT 2018
  **** IP Build 2256618 on Thu Jun 14 22:10:49 MDT 2018
    ** Copyright 1986-2018 Xilinx, Inc. All Rights Reserved.

source ip_counter_24.tcl -notrace
Command: synth_design -top ip_counter_24 -part xc7a100tcsg324-1 -mode out_of_context
Starting synth_design
Attempting to get a license for feature 'Synthesis' and/or device 'xc7a100t'
INFO: [Common 17-349] Got license for feature 'Synthesis' and/or device 'xc7a100t'
INFO: Launching helper process for spawning children vivado processes
INFO: Helper process launched with PID 3507 
---------------------------------------------------------------------------------
Starting RTL Elaboration : Time (s): cpu = 00:00:02 ; elapsed = 00:00:05 . Memory (MB): peak = 1273.008 ; gain = 78.922 ; free physical = 2421 ; free virtual = 5298
---------------------------------------------------------------------------------
INFO: [Synth 8-638] synthesizing module 'ip_counter_24' [/home/vmware/adc_lab/lab9_3_1/lab9_3_1.srcs/sources_1/ip/ip_counter_24/synth/ip_counter_24.vhd:69]
	Parameter C_IMPLEMENTATION bound to: 1 - type: integer 
	Parameter C_VERBOSITY bound to: 0 - type: integer 
	Parameter C_XDEVICEFAMILY bound to: artix7 - type: string 
	Parameter C_WIDTH bound to: 8 - type: integer 
	Parameter C_HAS_CE bound to: 1 - type: integer 
	Parameter C_HAS_SCLR bound to: 1 - type: integer 
	Parameter C_RESTRICT_COUNT bound to: 1 - type: integer 
	Parameter C_COUNT_TO bound to: 10111 - type: string 
	Parameter C_COUNT_BY bound to: 1 - type: string 
	Parameter C_COUNT_MODE bound to: 0 - type: integer 
	Parameter C_THRESH0_VALUE bound to: 10111 - type: string 
	Parameter C_CE_OVERRIDES_SYNC bound to: 0 - type: integer 
	Parameter C_HAS_THRESH0 bound to: 1 - type: integer 
	Parameter C_HAS_LOAD bound to: 0 - type: integer 
	Parameter C_LOAD_LOW bound to: 0 - type: integer 
	Parameter C_LATENCY bound to: 1 - type: integer 
	Parameter C_FB_LATENCY bound to: 0 - type: integer 
	Parameter C_AINIT_VAL bound to: 0 - type: string 
	Parameter C_SINIT_VAL bound to: 0 - type: string 
	Parameter C_SCLR_OVERRIDES_SSET bound to: 1 - type: integer 
	Parameter C_HAS_SSET bound to: 0 - type: integer 
	Parameter C_HAS_SINIT bound to: 0 - type: integer 
INFO: [Synth 8-3491] module 'c_counter_binary_v12_0_12' declared at '/home/vmware/adc_lab/lab9_3_1/lab9_3_1.srcs/sources_1/ip/ip_counter_24/hdl/c_counter_binary_v12_0_vh_rfs.vhd:2130' bound to instance 'U0' of component 'c_counter_binary_v12_0_12' [/home/vmware/adc_lab/lab9_3_1/lab9_3_1.srcs/sources_1/ip/ip_counter_24/synth/ip_counter_24.vhd:130]
INFO: [Synth 8-256] done synthesizing module 'ip_counter_24' (10#1) [/home/vmware/adc_lab/lab9_3_1/lab9_3_1.srcs/sources_1/ip/ip_counter_24/synth/ip_counter_24.vhd:69]
WARNING: [Synth 8-3331] design c_gate_bit_v12_0_5_viv__parameterized1 has unconnected port CLK
WARNING: [Synth 8-3331] design c_gate_bit_v12_0_5_viv__parameterized1 has unconnected port CE
WARNING: [Synth 8-3331] design c_gate_bit_v12_0_5_viv__parameterized1 has unconnected port ACLR
WARNING: [Synth 8-3331] design c_gate_bit_v12_0_5_viv__parameterized1 has unconnected port ASET
WARNING: [Synth 8-3331] design c_gate_bit_v12_0_5_viv__parameterized1 has unconnected port AINIT
WARNING: [Synth 8-3331] design c_gate_bit_v12_0_5_viv__parameterized1 has unconnected port SCLR
WARNING: [Synth 8-3331] design c_gate_bit_v12_0_5_viv__parameterized1 has unconnected port SSET
WARNING: [Synth 8-3331] design c_gate_bit_v12_0_5_viv__parameterized1 has unconnected port SINIT
WARNING: [Synth 8-3331] design c_gate_bit_v12_0_5_viv__parameterized1 has unconnected port T
WARNING: [Synth 8-3331] design c_gate_bit_v12_0_5_viv__parameterized1 has unconnected port EN
WARNING: [Synth 8-3331] design xbip_pipe_v3_0_5_viv__parameterized3 has unconnected port CLK
WARNING: [Synth 8-3331] design xbip_pipe_v3_0_5_viv__parameterized3 has unconnected port CE
WARNING: [Synth 8-3331] design xbip_pipe_v3_0_5_viv__parameterized3 has unconnected port SCLR
WARNING: [Synth 8-3331] design xbip_pipe_v3_0_5_viv__parameterized3 has unconnected port SSET
WARNING: [Synth 8-3331] design xbip_pipe_v3_0_5_viv__parameterized3 has unconnected port SINIT
WARNING: [Synth 8-3331] design c_gate_bit_v12_0_5_viv has unconnected port CLK
WARNING: [Synth 8-3331] design c_gate_bit_v12_0_5_viv has unconnected port CE
WARNING: [Synth 8-3331] design c_gate_bit_v12_0_5_viv has unconnected port ACLR
WARNING: [Synth 8-3331] design c_gate_bit_v12_0_5_viv has unconnected port ASET
WARNING: [Synth 8-3331] design c_gate_bit_v12_0_5_viv has unconnected port AINIT
WARNING: [Synth 8-3331] design c_gate_bit_v12_0_5_viv has unconnected port SCLR
WARNING: [Synth 8-3331] design c_gate_bit_v12_0_5_viv has unconnected port SSET
WARNING: [Synth 8-3331] design c_gate_bit_v12_0_5_viv has unconnected port SINIT
WARNING: [Synth 8-3331] design c_gate_bit_v12_0_5_viv has unconnected port T
WARNING: [Synth 8-3331] design c_gate_bit_v12_0_5_viv has unconnected port EN
WARNING: [Synth 8-3331] design xbip_dsp48e1_wrapper_v3_0 has unconnected port CEA1
WARNING: [Synth 8-3331] design xbip_dsp48e1_wrapper_v3_0 has unconnected port CEA2
WARNING: [Synth 8-3331] design xbip_dsp48e1_wrapper_v3_0 has unconnected port CEB1
WARNING: [Synth 8-3331] design xbip_dsp48e1_wrapper_v3_0 has unconnected port CEB2
WARNING: [Synth 8-3331] design xbip_dsp48e1_wrapper_v3_0 has unconnected port CEAD
WARNING: [Synth 8-3331] design xbip_dsp48e1_wrapper_v3_0 has unconnected port CED
WARNING: [Synth 8-3331] design xbip_dsp48e1_wrapper_v3_0 has unconnected port CEC
WARNING: [Synth 8-3331] design xbip_dsp48e1_wrapper_v3_0 has unconnected port CECARRYIN
WARNING: [Synth 8-3331] design xbip_dsp48e1_wrapper_v3_0 has unconnected port CECTRL
WARNING: [Synth 8-3331] design xbip_dsp48e1_wrapper_v3_0 has unconnected port CEALUMODE
WARNING: [Synth 8-3331] design xbip_dsp48e1_wrapper_v3_0 has unconnected port CEINMODE
WARNING: [Synth 8-3331] design xbip_dsp48e1_wrapper_v3_0 has unconnected port CEM
WARNING: [Synth 8-3331] design xbip_dsp48e1_wrapper_v3_0 has unconnected port CEP
WARNING: [Synth 8-3331] design xbip_dsp48e1_wrapper_v3_0 has unconnected port SCLRA
WARNING: [Synth 8-3331] design xbip_dsp48e1_wrapper_v3_0 has unconnected port SCLRB
WARNING: [Synth 8-3331] design xbip_dsp48e1_wrapper_v3_0 has unconnected port SCLRC
WARNING: [Synth 8-3331] design xbip_dsp48e1_wrapper_v3_0 has unconnected port SCLRD
WARNING: [Synth 8-3331] design xbip_dsp48e1_wrapper_v3_0 has unconnected port SCLRALLCARRYIN
WARNING: [Synth 8-3331] design xbip_dsp48e1_wrapper_v3_0 has unconnected port SCLRCTRL
WARNING: [Synth 8-3331] design xbip_dsp48e1_wrapper_v3_0 has unconnected port SCLRALUMODE
WARNING: [Synth 8-3331] design xbip_dsp48e1_wrapper_v3_0 has unconnected port SCLRINMODE
WARNING: [Synth 8-3331] design xbip_dsp48e1_wrapper_v3_0 has unconnected port SCLRM
WARNING: [Synth 8-3331] design xbip_dsp48e1_wrapper_v3_0 has unconnected port SCLRP
WARNING: [Synth 8-3331] design xbip_pipe_v3_0_5_viv__parameterized1 has unconnected port CLK
WARNING: [Synth 8-3331] design xbip_pipe_v3_0_5_viv__parameterized1 has unconnected port CE
WARNING: [Synth 8-3331] design xbip_pipe_v3_0_5_viv__parameterized1 has unconnected port SCLR
WARNING: [Synth 8-3331] design xbip_pipe_v3_0_5_viv__parameterized1 has unconnected port SSET
WARNING: [Synth 8-3331] design xbip_pipe_v3_0_5_viv__parameterized1 has unconnected port SINIT
WARNING: [Synth 8-3331] design xbip_pipe_v3_0_5_viv has unconnected port CLK
WARNING: [Synth 8-3331] design xbip_pipe_v3_0_5_viv has unconnected port CE
WARNING: [Synth 8-3331] design xbip_pipe_v3_0_5_viv has unconnected port SCLR
WARNING: [Synth 8-3331] design xbip_pipe_v3_0_5_viv has unconnected port SSET
WARNING: [Synth 8-3331] design xbip_pipe_v3_0_5_viv has unconnected port SINIT
WARNING: [Synth 8-3331] design dsp48_counter has unconnected port UP
WARNING: [Synth 8-3331] design xbip_counter_v3_0_5_viv has unconnected port LOAD
WARNING: [Synth 8-3331] design c_counter_binary_v12_0_12_viv has unconnected port SSET
WARNING: [Synth 8-3331] design c_counter_binary_v12_0_12_viv has unconnected port SINIT
---------------------------------------------------------------------------------
Finished RTL Elaboration : Time (s): cpu = 00:00:05 ; elapsed = 00:00:10 . Memory (MB): peak = 1334.633 ; gain = 140.547 ; free physical = 2425 ; free virtual = 5304
---------------------------------------------------------------------------------

Report Check Netlist: 
+------+------------------+-------+---------+-------+------------------+
|      |Item              |Errors |Warnings |Status |Description       |
+------+------------------+-------+---------+-------+------------------+
|1     |multi_driven_nets |      0|        0|Passed |Multi driven nets |
+------+------------------+-------+---------+-------+------------------+
---------------------------------------------------------------------------------
Start Handling Custom Attributes
---------------------------------------------------------------------------------
---------------------------------------------------------------------------------
Finished Handling Custom Attributes : Time (s): cpu = 00:00:05 ; elapsed = 00:00:10 . Memory (MB): peak = 1334.633 ; gain = 140.547 ; free physical = 2425 ; free virtual = 5304
---------------------------------------------------------------------------------
---------------------------------------------------------------------------------
Finished RTL Optimization Phase 1 : Time (s): cpu = 00:00:05 ; elapsed = 00:00:10 . Memory (MB): peak = 1334.633 ; gain = 140.547 ; free physical = 2425 ; free virtual = 5304
---------------------------------------------------------------------------------
INFO: [Netlist 29-17] Analyzing 5 Unisim elements for replacement
INFO: [Netlist 29-28] Unisim Transformation completed in 0 CPU seconds
INFO: [Device 21-403] Loading part xc7a100tcsg324-1
INFO: [Project 1-570] Preparing netlist for logic optimization

Processing XDC Constraints
Initializing timing engine
Parsing XDC File [/home/vmware/adc_lab/lab9_3_1/lab9_3_1.srcs/sources_1/ip/ip_counter_24/ip_counter_24_ooc.xdc] for cell 'U0'
Finished Parsing XDC File [/home/vmware/adc_lab/lab9_3_1/lab9_3_1.srcs/sources_1/ip/ip_counter_24/ip_counter_24_ooc.xdc] for cell 'U0'
Parsing XDC File [/home/vmware/adc_lab/lab9_3_1/lab9_3_1.runs/ip_counter_24_synth_1/dont_touch.xdc]
Finished Parsing XDC File [/home/vmware/adc_lab/lab9_3_1/lab9_3_1.runs/ip_counter_24_synth_1/dont_touch.xdc]
Completed Processing XDC Constraints

INFO: [Project 1-111] Unisim Transformation Summary:
No Unisim elements were transformed.

Constraint Validation Runtime : Time (s): cpu = 00:00:00.02 ; elapsed = 00:00:00.03 . Memory (MB): peak = 1593.469 ; gain = 0.000 ; free physical = 2129 ; free virtual = 5042
---------------------------------------------------------------------------------
Finished Constraint Validation : Time (s): cpu = 00:00:14 ; elapsed = 00:00:34 . Memory (MB): peak = 1593.469 ; gain = 399.383 ; free physical = 2215 ; free virtual = 5129
---------------------------------------------------------------------------------
---------------------------------------------------------------------------------
Start Loading Part and Timing Information
---------------------------------------------------------------------------------
Loading part: xc7a100tcsg324-1
---------------------------------------------------------------------------------
Finished Loading Part and Timing Information : Time (s): cpu = 00:00:14 ; elapsed = 00:00:34 . Memory (MB): peak = 1593.469 ; gain = 399.383 ; free physical = 2215 ; free virtual = 5129
---------------------------------------------------------------------------------
---------------------------------------------------------------------------------
Start Applying 'set_property' XDC Constraints
---------------------------------------------------------------------------------
Applied set_property DONT_TOUCH = true for U0. (constraint file  /home/vmware/adc_lab/lab9_3_1/lab9_3_1.runs/ip_counter_24_synth_1/dont_touch.xdc, line 9).
---------------------------------------------------------------------------------
Finished applying 'set_property' XDC Constraints : Time (s): cpu = 00:00:14 ; elapsed = 00:00:34 . Memory (MB): peak = 1593.469 ; gain = 399.383 ; free physical = 2216 ; free virtual = 5130
---------------------------------------------------------------------------------
---------------------------------------------------------------------------------
Finished RTL Optimization Phase 2 : Time (s): cpu = 00:00:14 ; elapsed = 00:00:34 . Memory (MB): peak = 1593.469 ; gain = 399.383 ; free physical = 2207 ; free virtual = 5121
---------------------------------------------------------------------------------

Report RTL Partitions: 
+-+--------------+------------+----------+
| |RTL Partition |Replication |Instances |
+-+--------------+------------+----------+
+-+--------------+------------+----------+
---------------------------------------------------------------------------------
Start RTL Component Statistics 
---------------------------------------------------------------------------------
---------------------------------------------------------------------------------
Finished RTL Component Statistics 
---------------------------------------------------------------------------------
---------------------------------------------------------------------------------
Start RTL Hierarchical Component Statistics 
---------------------------------------------------------------------------------
---------------------------------------------------------------------------------
Finished RTL Hierarchical Component Statistics
---------------------------------------------------------------------------------
---------------------------------------------------------------------------------
Start Part Resource Summary
---------------------------------------------------------------------------------
Part Resources:
DSPs: 240 (col length:80)
BRAMs: 270 (col length: RAMB18 80 RAMB36 40)
---------------------------------------------------------------------------------
Finished Part Resource Summary
---------------------------------------------------------------------------------
---------------------------------------------------------------------------------
Start Cross Boundary and Area Optimization
---------------------------------------------------------------------------------
Warning: Parallel synthesis criteria is not met 
WARNING: [Synth 8-3331] design c_counter_binary_v12_0_12_viv has unconnected port SSET
WARNING: [Synth 8-3331] design c_counter_binary_v12_0_12_viv has unconnected port SINIT
WARNING: [Synth 8-3331] design c_counter_binary_v12_0_12_viv has unconnected port UP
WARNING: [Synth 8-3331] design c_counter_binary_v12_0_12_viv has unconnected port LOAD
---------------------------------------------------------------------------------
Finished Cross Boundary and Area Optimization : Time (s): cpu = 00:00:14 ; elapsed = 00:00:34 . Memory (MB): peak = 1593.469 ; gain = 399.383 ; free physical = 2195 ; free virtual = 5112
---------------------------------------------------------------------------------

Report RTL Partitions: 
+-+--------------+------------+----------+
| |RTL Partition |Replication |Instances |
+-+--------------+------------+----------+
+-+--------------+------------+----------+
---------------------------------------------------------------------------------
Start Applying XDC Timing Constraints
---------------------------------------------------------------------------------
---------------------------------------------------------------------------------
Finished Applying XDC Timing Constraints : Time (s): cpu = 00:00:21 ; elapsed = 00:00:46 . Memory (MB): peak = 1649.469 ; gain = 455.383 ; free physical = 2036 ; free virtual = 4960
---------------------------------------------------------------------------------
---------------------------------------------------------------------------------
Start Timing Optimization
---------------------------------------------------------------------------------
---------------------------------------------------------------------------------
Finished Timing Optimization : Time (s): cpu = 00:00:21 ; elapsed = 00:00:46 . Memory (MB): peak = 1659.484 ; gain = 465.398 ; free physical = 2035 ; free virtual = 4959
---------------------------------------------------------------------------------

Report RTL Partitions: 
+-+--------------+------------+----------+
| |RTL Partition |Replication |Instances |
+-+--------------+------------+----------+
+-+--------------+------------+----------+
---------------------------------------------------------------------------------
Start Technology Mapping
---------------------------------------------------------------------------------
---------------------------------------------------------------------------------
Finished Technology Mapping : Time (s): cpu = 00:00:21 ; elapsed = 00:00:46 . Memory (MB): peak = 1659.484 ; gain = 465.398 ; free physical = 2035 ; free virtual = 4959
---------------------------------------------------------------------------------

Report RTL Partitions: 
+-+--------------+------------+----------+
| |RTL Partition |Replication |Instances |
+-+--------------+------------+----------+
+-+--------------+------------+----------+
---------------------------------------------------------------------------------
Start IO Insertion
---------------------------------------------------------------------------------
---------------------------------------------------------------------------------
Start Flattening Before IO Insertion
---------------------------------------------------------------------------------
---------------------------------------------------------------------------------
Finished Flattening Before IO Insertion
---------------------------------------------------------------------------------
---------------------------------------------------------------------------------
Start Final Netlist Cleanup
---------------------------------------------------------------------------------
---------------------------------------------------------------------------------
Finished Final Netlist Cleanup
---------------------------------------------------------------------------------
---------------------------------------------------------------------------------
Finished IO Insertion : Time (s): cpu = 00:00:22 ; elapsed = 00:00:47 . Memory (MB): peak = 1659.484 ; gain = 465.398 ; free physical = 2035 ; free virtual = 4959
---------------------------------------------------------------------------------

Report Check Netlist: 
+------+------------------+-------+---------+-------+------------------+
|      |Item              |Errors |Warnings |Status |Description       |
+------+------------------+-------+---------+-------+------------------+
|1     |multi_driven_nets |      0|        0|Passed |Multi driven nets |
+------+------------------+-------+---------+-------+------------------+
---------------------------------------------------------------------------------
Start Renaming Generated Instances
---------------------------------------------------------------------------------
---------------------------------------------------------------------------------
Finished Renaming Generated Instances : Time (s): cpu = 00:00:22 ; elapsed = 00:00:47 . Memory (MB): peak = 1659.484 ; gain = 465.398 ; free physical = 2035 ; free virtual = 4959
---------------------------------------------------------------------------------

Report RTL Partitions: 
+-+--------------+------------+----------+
| |RTL Partition |Replication |Instances |
+-+--------------+------------+----------+
+-+--------------+------------+----------+
---------------------------------------------------------------------------------
Start Rebuilding User Hierarchy
---------------------------------------------------------------------------------
---------------------------------------------------------------------------------
Finished Rebuilding User Hierarchy : Time (s): cpu = 00:00:22 ; elapsed = 00:00:47 . Memory (MB): peak = 1659.484 ; gain = 465.398 ; free physical = 2035 ; free virtual = 4959
---------------------------------------------------------------------------------
---------------------------------------------------------------------------------
Start Renaming Generated Ports
---------------------------------------------------------------------------------
---------------------------------------------------------------------------------
Finished Renaming Generated Ports : Time (s): cpu = 00:00:22 ; elapsed = 00:00:47 . Memory (MB): peak = 1659.484 ; gain = 465.398 ; free physical = 2035 ; free virtual = 4959
---------------------------------------------------------------------------------
---------------------------------------------------------------------------------
Start Handling Custom Attributes
---------------------------------------------------------------------------------
---------------------------------------------------------------------------------
Finished Handling Custom Attributes : Time (s): cpu = 00:00:22 ; elapsed = 00:00:47 . Memory (MB): peak = 1659.484 ; gain = 465.398 ; free physical = 2035 ; free virtual = 4959
---------------------------------------------------------------------------------
---------------------------------------------------------------------------------
Start Renaming Generated Nets
---------------------------------------------------------------------------------
---------------------------------------------------------------------------------
Finished Renaming Generated Nets : Time (s): cpu = 00:00:22 ; elapsed = 00:00:47 . Memory (MB): peak = 1659.484 ; gain = 465.398 ; free physical = 2035 ; free virtual = 4959
---------------------------------------------------------------------------------
---------------------------------------------------------------------------------
Start Writing Synthesis Report
---------------------------------------------------------------------------------

Report BlackBoxes: 
+-+--------------+----------+
| |BlackBox name |Instances |
+-+--------------+----------+
+-+--------------+----------+

Report Cell Usage: 
+------+--------+------+
|      |Cell    |Count |
+------+--------+------+
|1     |DSP48E1 |     1|
|2     |LUT2    |     2|
|3     |LUT6    |     2|
|4     |MUXCY   |     4|
+------+--------+------+
---------------------------------------------------------------------------------
Finished Writing Synthesis Report : Time (s): cpu = 00:00:22 ; elapsed = 00:00:47 . Memory (MB): peak = 1659.484 ; gain = 465.398 ; free physical = 2035 ; free virtual = 4959
---------------------------------------------------------------------------------
Synthesis finished with 0 errors, 0 critical warnings and 4 warnings.
Synthesis Optimization Runtime : Time (s): cpu = 00:00:15 ; elapsed = 00:00:26 . Memory (MB): peak = 1659.484 ; gain = 206.562 ; free physical = 2100 ; free virtual = 5024
Synthesis Optimization Complete : Time (s): cpu = 00:00:22 ; elapsed = 00:00:47 . Memory (MB): peak = 1659.492 ; gain = 465.398 ; free physical = 2100 ; free virtual = 5024
INFO: [Project 1-571] Translating synthesized netlist
INFO: [Netlist 29-17] Analyzing 5 Unisim elements for replacement
INFO: [Netlist 29-28] Unisim Transformation completed in 0 CPU seconds
INFO: [Project 1-570] Preparing netlist for logic optimization
INFO: [Opt 31-138] Pushed 0 inverter(s) to 0 load pin(s).
INFO: [Project 1-111] Unisim Transformation Summary:
  A total of 2 instances were transformed.
  (MUXCY,XORCY) => CARRY4: 2 instances

INFO: [Common 17-83] Releasing license: Synthesis
16 Infos, 66 Warnings, 0 Critical Warnings and 0 Errors encountered.
synth_design completed successfully
synth_design: Time (s): cpu = 00:00:23 ; elapsed = 00:00:48 . Memory (MB): peak = 1659.492 ; gain = 471.211 ; free physical = 2095 ; free virtual = 5020
WARNING: [Constraints 18-5210] No constraint will be written out.
INFO: [Common 17-1381] The checkpoint '/home/vmware/adc_lab/lab9_3_1/lab9_3_1.runs/ip_counter_24_synth_1/ip_counter_24.dcp' has been generated.
INFO: [Coretcl 2-1482] Added synthesis output to IP cache for IP /home/vmware/adc_lab/lab9_3_1/lab9_3_1.srcs/sources_1/ip/ip_counter_24/ip_counter_24.xci
INFO: [Coretcl 2-1174] Renamed 11 cell refs.
WARNING: [Constraints 18-5210] No constraint will be written out.
INFO: [Common 17-1381] The checkpoint '/home/vmware/adc_lab/lab9_3_1/lab9_3_1.runs/ip_counter_24_synth_1/ip_counter_24.dcp' has been generated.
INFO: [runtcl-4] Executing : report_utilization -file ip_counter_24_utilization_synth.rpt -pb ip_counter_24_utilization_synth.pb
report_utilization: Time (s): cpu = 00:00:00.08 ; elapsed = 00:00:00.11 . Memory (MB): peak = 1659.492 ; gain = 0.000 ; free physical = 2094 ; free virtual = 5021
INFO: [Common 17-206] Exiting Vivado at Sat Nov 17 21:19:14 2018...
